Using pre-set license
Built from '6000.0/staging' branch; Version is '6000.0.36f1 (9fe3b5f71dbb) revision 10478517'; Using compiler version '193933523'; Build Type 'Release'
OS: 'Windows 10  (10.0.19045) 64bit Professional' Language: 'en' Physical Memory: 31784 MB
BatchMode: 1, IsHumanControllingUs: 0, StartBugReporterOnCrash: 0, Is64bit: 1, IsPro: 1

COMMAND LINE ARGUMENTS:
C:\Program Files\Unity\Hub\Editor\6000.0.36f1\Editor\Unity.exe
-adb2
-batchMode
-noUpm
-name
AssetImportWorker0
-projectPath
C:/Users/dylan/Main Final
-logFile
Logs/AssetImportWorker0.log
-srvPort
54106
-job-worker-count
7
-background-job-worker-count
8
-gc-helper-count
1
Successfully changed project path to: C:/Users/dylan/Main Final
C:/Users/dylan/Main Final
[UnityMemory] Configuration Parameters - Can be set up in boot.config
    "memorysetup-bucket-allocator-granularity=16"
    "memorysetup-bucket-allocator-bucket-count=8"
    "memorysetup-bucket-allocator-block-size=33554432"
    "memorysetup-bucket-allocator-block-count=8"
    "memorysetup-main-allocator-block-size=16777216"
    "memorysetup-thread-allocator-block-size=16777216"
    "memorysetup-gfx-main-allocator-block-size=16777216"
    "memorysetup-gfx-thread-allocator-block-size=16777216"
    "memorysetup-cache-allocator-block-size=4194304"
    "memorysetup-typetree-allocator-block-size=2097152"
    "memorysetup-profiler-bucket-allocator-granularity=16"
    "memorysetup-profiler-bucket-allocator-bucket-count=8"
    "memorysetup-profiler-bucket-allocator-block-size=33554432"
    "memorysetup-profiler-bucket-allocator-block-count=8"
    "memorysetup-profiler-allocator-block-size=16777216"
    "memorysetup-profiler-editor-allocator-block-size=1048576"
    "memorysetup-temp-allocator-size-main=16777216"
    "memorysetup-job-temp-allocator-block-size=2097152"
    "memorysetup-job-temp-allocator-block-size-background=1048576"
    "memorysetup-job-temp-allocator-reduction-small-platforms=262144"
    "memorysetup-allocator-temp-initial-block-size-main=262144"
    "memorysetup-allocator-temp-initial-block-size-worker=262144"
    "memorysetup-temp-allocator-size-background-worker=32768"
    "memorysetup-temp-allocator-size-job-worker=262144"
    "memorysetup-temp-allocator-size-preload-manager=33554432"
    "memorysetup-temp-allocator-size-nav-mesh-worker=65536"
    "memorysetup-temp-allocator-size-audio-worker=65536"
    "memorysetup-temp-allocator-size-cloud-worker=32768"
    "memorysetup-temp-allocator-size-gi-baking-worker=262144"
    "memorysetup-temp-allocator-size-gi-baking-worker=262144"
    "memorysetup-temp-allocator-size-gi-baking-worker=262144"
    "memorysetup-temp-allocator-size-gi-baking-worker=262144"
    "memorysetup-temp-allocator-size-gi-baking-worker=262144"
    "memorysetup-temp-allocator-size-gfx=262144"
Player connection [76424]  Target information:

Player connection [76424]  * "[IP] 192.168.0.176 [Port] 0 [Flags] 2 [Guid] 2065587977 [EditorId] 2065587977 [Version] 1048832 [Id] WindowsEditor(7,DESKTOP-506Q78C) [Debug] 1 [PackageName] WindowsEditor [ProjectName] Editor" 

Player connection [76424] Host joined multi-casting on [225.0.0.222:54997]...
Player connection [76424] Host joined alternative multi-casting on [225.0.0.222:34997]...
JobSystem: Creating JobQueue using job-worker-count value 7
Input System module state changed to: Initialized.
[Physics::Module] Initialized fallback backend.
[Physics::Module] Id: 0xdecafbad
Library Redirect Path: Library/
[Physics::Module] Selected backend.
[Physics::Module] Name: PhysX
[Physics::Module] Id: 0xf2b8ea05
[Physics::Module] SDK Version: 4.1.2
[Physics::Module] Integration Version: 1.0.0
[Physics::Module] Threading Mode: Multi-Threaded
Refreshing native plugins compatible for Editor in 1.09 ms, found 3 plugins.
Preloading 0 native plugins for Editor in 0.00 ms.
Initialize engine version: 6000.0.36f1 (9fe3b5f71dbb)
[Subsystems] Discovering subsystems at path C:/Program Files/Unity/Hub/Editor/6000.0.36f1/Editor/Data/Resources/UnitySubsystems
[Subsystems] Discovering subsystems at path C:/Users/dylan/Main Final/Assets
GfxDevice: creating device client; kGfxThreadingModeNonThreaded
Direct3D:
    Version:  Direct3D 11.0 [level 11.1]
    Renderer: NVIDIA GeForce RTX 3080 (ID=0x2206)
    Vendor:   NVIDIA
    VRAM:     10053 MB
    Driver:   32.0.15.7247
Initialize mono
Mono path[0] = 'C:/Program Files/Unity/Hub/Editor/6000.0.36f1/Editor/Data/Managed'
Mono path[1] = 'C:/Program Files/Unity/Hub/Editor/6000.0.36f1/Editor/Data/MonoBleedingEdge/lib/mono/unityjit-win32'
Mono config path = 'C:/Program Files/Unity/Hub/Editor/6000.0.36f1/Editor/Data/MonoBleedingEdge/etc'
Using monoOptions --debugger-agent=transport=dt_socket,embedding=1,server=y,suspend=n,address=127.0.0.1:56420
Begin MonoManager ReloadAssembly
Registering precompiled unity dll's ...
Register platform support module: C:/Program Files/Unity/Hub/Editor/6000.0.36f1/Editor/Data/PlaybackEngines/WebGLSupport/UnityEditor.WebGL.Extensions.dll
Register platform support module: C:/Program Files/Unity/Hub/Editor/6000.0.36f1/Editor/Data/PlaybackEngines/WindowsStandaloneSupport/UnityEditor.WindowsStandalone.Extensions.dll
Registered in 0.003066 seconds.
- Loaded All Assemblies, in  0.264 seconds
Native extension for WindowsStandalone target not found
Native extension for WebGL target not found
Mono: successfully reloaded assembly
- Finished resetting the current domain, in  0.208 seconds
Domain Reload Profiling: 469ms
	BeginReloadAssembly (86ms)
		ExecutionOrderSort (0ms)
		DisableScriptedObjects (0ms)
		BackupInstance (0ms)
		ReleaseScriptingObjects (0ms)
		CreateAndSetChildDomain (0ms)
	RebuildCommonClasses (26ms)
	RebuildNativeTypeToScriptingClass (11ms)
	initialDomainReloadingComplete (35ms)
	LoadAllAssembliesAndSetupDomain (102ms)
		LoadAssemblies (84ms)
		RebuildTransferFunctionScriptingTraits (0ms)
		AnalyzeDomain (100ms)
			TypeCache.Refresh (99ms)
				TypeCache.ScanAssembly (91ms)
			BuildScriptInfoCaches (0ms)
			ResolveRequiredComponents (0ms)
	FinalizeReload (208ms)
		ReleaseScriptCaches (0ms)
		RebuildScriptCaches (0ms)
		SetupLoadedEditorAssemblies (178ms)
			LogAssemblyErrors (0ms)
			InitializePlatformSupportModulesInManaged (17ms)
			SetLoadedEditorAssemblies (3ms)
			BeforeProcessingInitializeOnLoad (33ms)
			ProcessInitializeOnLoadAttributes (93ms)
			ProcessInitializeOnLoadMethodAttributes (33ms)
			AfterProcessingInitializeOnLoad (0ms)
			EditorAssembliesLoaded (0ms)
		ExecutionOrderSort2 (0ms)
		AwakeInstancesAfterBackupRestoration (0ms)
========================================================================
Worker process is ready to serve import requests
Import Worker Mode flag is 0x00
Begin MonoManager ReloadAssembly
- Loaded All Assemblies, in  0.498 seconds
Refreshing native plugins compatible for Editor in 0.70 ms, found 3 plugins.
Native extension for WindowsStandalone target not found
Native extension for WebGL target not found
Mono: successfully reloaded assembly
- Finished resetting the current domain, in  0.475 seconds
Domain Reload Profiling: 969ms
	BeginReloadAssembly (114ms)
		ExecutionOrderSort (0ms)
		DisableScriptedObjects (4ms)
		BackupInstance (0ms)
		ReleaseScriptingObjects (0ms)
		CreateAndSetChildDomain (22ms)
	RebuildCommonClasses (22ms)
	RebuildNativeTypeToScriptingClass (8ms)
	initialDomainReloadingComplete (25ms)
	LoadAllAssembliesAndSetupDomain (325ms)
		LoadAssemblies (246ms)
		RebuildTransferFunctionScriptingTraits (0ms)
		AnalyzeDomain (146ms)
			TypeCache.Refresh (110ms)
				TypeCache.ScanAssembly (100ms)
			BuildScriptInfoCaches (28ms)
			ResolveRequiredComponents (6ms)
	FinalizeReload (475ms)
		ReleaseScriptCaches (0ms)
		RebuildScriptCaches (0ms)
		SetupLoadedEditorAssemblies (369ms)
			LogAssemblyErrors (0ms)
			InitializePlatformSupportModulesInManaged (2ms)
			SetLoadedEditorAssemblies (3ms)
			BeforeProcessingInitializeOnLoad (73ms)
			ProcessInitializeOnLoadAttributes (231ms)
			ProcessInitializeOnLoadMethodAttributes (55ms)
			AfterProcessingInitializeOnLoad (5ms)
			EditorAssembliesLoaded (0ms)
		ExecutionOrderSort2 (0ms)
		AwakeInstancesAfterBackupRestoration (5ms)
Launched and connected shader compiler UnityShaderCompiler.exe after 0.01 seconds
Refreshing native plugins compatible for Editor in 2.10 ms, found 3 plugins.
Preloading 0 native plugins for Editor in 0.00 ms.
Unloading 213 Unused Serialized files (Serialized files now loaded: 0)
Unloading 5999 unused Assets / (6.9 MB). Loaded Objects now: 6659.
Memory consumption went from 161.7 MB to 154.8 MB.
Total: 10.310500 ms (FindLiveObjects: 0.892800 ms CreateObjectMapping: 0.426500 ms MarkObjects: 5.324400 ms  DeleteObjects: 3.665400 ms)

========================================================================
Received Import Request.
  Time since last request: 282668.229997 seconds.
  path: Assets/glow-material.mat
  artifactKey: Guid(52dc9284cd7a4da4d85a5abaa0ade096) Importer(815301076,1909f56bfc062723c751e8b465ee728b)
Start importing Assets/glow-material.mat using Guid(52dc9284cd7a4da4d85a5abaa0ade096) Importer(815301076,1909f56bfc062723c751e8b465ee728b) (PreviewImporter) -> (artifact id: '25622944946bb4330a5c578480064735') in 0.3586837 seconds
Number of updated asset objects reloaded before import = 0Number of asset objects unloaded after import = 3

========================================================================
Received Prepare
Refreshing native plugins compatible for Editor in 1.74 ms, found 3 plugins.
Preloading 0 native plugins for Editor in 0.00 ms.
Unloading 37 Unused Serialized files (Serialized files now loaded: 0)
Unloading 38 unused Assets / (3.6 MB). Loaded Objects now: 6846.
Memory consumption went from 145.5 MB to 141.9 MB.
Total: 9.410400 ms (FindLiveObjects: 0.506200 ms CreateObjectMapping: 0.336400 ms MarkObjects: 7.169900 ms  DeleteObjects: 1.396900 ms)

Prepare: number of updated asset objects reloaded= 140
AssetImportParameters requested are different than current active one (requested -> active):
  buildTarget: platform 20, subtarget 0, extendedPlatform 0 -> platform 19, subtarget 2, extendedPlatform 0
  graphicsApiMask: 2048 -> 4
========================================================================
Received Prepare
Refreshing native plugins compatible for Editor in 1.43 ms, found 3 plugins.
Preloading 0 native plugins for Editor in 0.00 ms.
Unloading 37 Unused Serialized files (Serialized files now loaded: 0)
Unloading 37 unused Assets / (3.6 MB). Loaded Objects now: 6846.
Memory consumption went from 144.9 MB to 141.3 MB.
Total: 143.925700 ms (FindLiveObjects: 0.622200 ms CreateObjectMapping: 0.270700 ms MarkObjects: 139.664100 ms  DeleteObjects: 3.366500 ms)

Prepare: number of updated asset objects reloaded= 0
AssetImportParameters requested are different than current active one (requested -> active):
  buildTarget: platform 20, subtarget 0, extendedPlatform 0 -> platform 19, subtarget 2, extendedPlatform 0
  graphicsApiMask: 2048 -> 4
========================================================================
Received Import Request.
  Time since last request: 123.887436 seconds.
  path: Assets/Asteroid.prefab
  artifactKey: Guid(e0838e1ef5f9fe742944b845dcf9158f) Importer(815301076,1909f56bfc062723c751e8b465ee728b)
Start importing Assets/Asteroid.prefab using Guid(e0838e1ef5f9fe742944b845dcf9158f) Importer(815301076,1909f56bfc062723c751e8b465ee728b) (PreviewImporter)State comes from an incompatible keyword space
Expected: From shader: 'Hidden/Universal/CoreBlit' Keyword count: 7 Keywords: STEREO_INSTANCING_ON UNITY_SINGLE_PASS_STEREO STEREO_MULTIVIEW_ON STEREO_CUBEMAP_RENDER_ON BLIT_DECODE_HDR _LINEAR_TO_SRGB_CONVERSION DEBUG_DISPLAY
Actual: From shader: 'Hidden/InternalErrorShader' Keyword count: 7 Keywords: STEREO_INSTANCING_ON UNITY_SINGLE_PASS_STEREO STEREO_MULTIVIEW_ON STEREO_CUBEMAP_RENDER_ON FOG_LINEAR FOG_EXP FOG_EXP2
0x00007ffc13a6921d (Unity) StackWalker::ShowCallstack
0x00007ffc13a791d9 (Unity) PlatformStacktrace::GetStacktrace
0x00007ffc14ce4c1e (Unity) Stacktrace::GetStacktrace
0x00007ffc1528d26f (Unity) DebugStringToFile
0x00007ffc1528ce2a (Unity) AssertImplementation
0x00007ffc1372c2ce (Unity) keywords::LocalKeywordState::ReportIncompatibleKeywordSpace
0x00007ffc136dca25 (Unity) Material::ResetKeywords
0x00007ffc134a1361 (Unity) MaterialScripting::SetEnabledKeywords
0x00007ffc12bdc02c (Unity) Material_CUSTOM_SetEnabledKeywords
0x000002059cb05b2d (Mono JIT Code) (wrapper managed-to-native) UnityEngine.Material:SetEnabledKeywords_Injected (intptr,UnityEngine.Rendering.LocalKeyword[])
0x000002059cb05a8b (Mono JIT Code) UnityEngine.Material:SetEnabledKeywords (UnityEngine.Rendering.LocalKeyword[])
0x000002059cb059c3 (Mono JIT Code) UnityEngine.Material:set_enabledKeywords (UnityEngine.Rendering.LocalKeyword[])
0x000002059cb05173 (Mono JIT Code) UnityEngine.Rendering.Universal.Internal.FinalBlitPass/<>c:<Render>b__17_0 (UnityEngine.Rendering.Universal.Internal.FinalBlitPass/PassData,UnityEngine.Rendering.RenderGraphModule.RasterGraphContext) (at ./Library/PackageCache/com.unity.render-pipelines.universal@a394fe607f89/Runtime/Passes/FinalBlitPass.cs:315)
0x000002059caf1af1 (Mono JIT Code) UnityEngine.Rendering.RenderGraphModule.RasterRenderGraphPass`1<PassData_REF>:Execute (UnityEngine.Rendering.RenderGraphModule.InternalRenderGraphContext) (at ./Library/PackageCache/com.unity.render-pipelines.core@7bffd5bb179a/Runtime/RenderGraph/RenderGraphPass.cs:603)
0x000002059cadee82 (Mono JIT Code) UnityEngine.Rendering.RenderGraphModule.NativeRenderPassCompiler.NativePassCompiler:ExecuteGraphNode (UnityEngine.Rendering.RenderGraphModule.InternalRenderGraphContext&,UnityEngine.Rendering.RenderGraphModule.RenderGraphResourceRegistry,UnityEngine.Rendering.RenderGraphModule.RenderGraphPass) (at ./Library/PackageCache/com.unity.render-pipelines.core@7bffd5bb179a/Runtime/RenderGraph/Compiler/NativePassCompiler.cs:1328)
0x000002059cadcb7b (Mono JIT Code) UnityEngine.Rendering.RenderGraphModule.NativeRenderPassCompiler.NativePassCompiler:ExecuteGraph (UnityEngine.Rendering.RenderGraphModule.InternalRenderGraphContext,UnityEngine.Rendering.RenderGraphModule.RenderGraphResourceRegistry,System.Collections.Generic.List`1<UnityEngine.Rendering.RenderGraphModule.RenderGraphPass>&) (at ./Library/PackageCache/com.unity.render-pipelines.core@7bffd5bb179a/Runtime/RenderGraph/Compiler/NativePassCompiler.cs:1431)
0x000002059cadc54b (Mono JIT Code) UnityEngine.Rendering.RenderGraphModule.RenderGraph:ExecuteNativeRenderGraph () (at ./Library/PackageCache/com.unity.render-pipelines.core@7bffd5bb179a/Runtime/RenderGraph/RenderGraph.Compiler.cs:44)
0x000002059cab6d33 (Mono JIT Code) UnityEngine.Rendering.RenderGraphModule.RenderGraph:Execute () (at ./Library/PackageCache/com.unity.render-pipelines.core@7bffd5bb179a/Runtime/RenderGraph/RenderGraph.cs:1233)
0x000002059cab6b9b (Mono JIT Code) UnityEngine.Rendering.RenderGraphModule.RenderGraph:EndRecordingAndExecute () (at ./Library/PackageCache/com.unity.render-pipelines.core@7bffd5bb179a/Runtime/RenderGraph/RenderGraph.cs:1197)
0x000002059ccfc983 (Mono JIT Code) UnityEngine.Rendering.Universal.UniversalRenderPipeline:RecordAndExecuteRenderGraph (UnityEngine.Rendering.RenderGraphModule.RenderGraph,UnityEngine.Rendering.ScriptableRenderContext,UnityEngine.Rendering.Universal.ScriptableRenderer,UnityEngine.Rendering.CommandBuffer,UnityEngine.Camera,string) (at ./Library/PackageCache/com.unity.render-pipelines.universal@a394fe607f89/Runtime/UniversalRenderPipelineRenderGraph.cs:26)
0x000002059cceb073 (Mono JIT Code) UnityEngine.Rendering.Universal.UniversalRenderPipeline:RenderSingleCamera (UnityEngine.Rendering.ScriptableRenderContext,UnityEngine.Rendering.Universal.UniversalCameraData) (at ./Library/PackageCache/com.unity.render-pipelines.universal@a394fe607f89/Runtime/UniversalRenderPipeline.cs:858)
0x000002059cce1edb (Mono JIT Code) UnityEngine.Rendering.Universal.UniversalRenderPipeline:RenderSingleCameraInternal (UnityEngine.Rendering.ScriptableRenderContext,UnityEngine.Camera,UnityEngine.Rendering.Universal.UniversalAdditionalCameraData&) (at ./Library/PackageCache/com.unity.render-pipelines.universal@a394fe607f89/Runtime/UniversalRenderPipeline.cs:691)
0x000002059cce1adb (Mono JIT Code) UnityEngine.Rendering.Universal.UniversalRenderPipeline:RenderSingleCameraInternal (UnityEngine.Rendering.ScriptableRenderContext,UnityEngine.Camera) (at ./Library/PackageCache/com.unity.render-pipelines.universal@a394fe607f89/Runtime/UniversalRenderPipeline.cs:666)
0x000002059ccd83d3 (Mono JIT Code) UnityEngine.Rendering.Universal.UniversalRenderPipeline:Render (UnityEngine.Rendering.ScriptableRenderContext,System.Collections.Generic.List`1<UnityEngine.Camera>) (at ./Library/PackageCache/com.unity.render-pipelines.universal@a394fe607f89/Runtime/UniversalRenderPipeline.cs:483)
0x000002059ccd7ed9 (Mono JIT Code) UnityEngine.Rendering.RenderPipeline:InternalRender (UnityEngine.Rendering.ScriptableRenderContext,System.Collections.Generic.List`1<UnityEngine.Camera>)
0x000002059cc45c73 (Mono JIT Code) UnityEngine.Rendering.RenderPipelineManager:DoRenderLoop_Internal (UnityEngine.Rendering.RenderPipelineAsset,intptr,UnityEngine.Object,Unity.Collections.LowLevel.Unsafe.AtomicSafetyHandle)
0x000002059cc45ee8 (Mono JIT Code) (wrapper runtime-invoke) <Module>:runtime_invoke_void_object_intptr_object_AtomicSafetyHandle (object,intptr,intptr,intptr)
0x00007ffc112868de (mono-2.0-bdwgc) mono_jit_runtime_invoke (at C:/build/output/Unity-Technologies/mono/mono/mini/mini-runtime.c:3445)
0x00007ffc111c8404 (mono-2.0-bdwgc) do_runtime_invoke (at C:/build/output/Unity-Technologies/mono/mono/metadata/object.c:3068)
0x00007ffc111c84f0 (mono-2.0-bdwgc) mono_runtime_invoke (at C:/build/output/Unity-Technologies/mono/mono/metadata/object.c:3115)
0x00007ffc1398d544 (Unity) scripting_method_invoke
0x00007ffc139652d3 (Unity) ScriptingInvocation::Invoke
0x00007ffc13960595 (Unity) ScriptingInvocation::Invoke<void>
0x00007ffc13aeae3f (Unity) Scripting::UnityEngine::Rendering::RenderPipelineManagerProxy::DoRenderLoop_Internal
0x00007ffc1354461c (Unity) ScriptableRenderContext::ExtractAndExecuteRenderPipeline
0x00007ffc1328e47e (Unity) Camera::CustomRenderWithPipeline
0x00007ffc1329bc34 (Unity) Camera::StandaloneCustomRender
0x00007ffc1329bea7 (Unity) Camera::StandaloneRender
0x00007ffc132954fe (Unity) CameraScripting::Render
0x00007ffc12b46ad7 (Unity) Camera_CUSTOM_Render
0x000002059cc45a2a (Mono JIT Code) (wrapper managed-to-native) UnityEngine.Camera:Render_Injected (intptr)
0x000002059cc4598b (Mono JIT Code) UnityEngine.Camera:Render ()
0x000002059cc44d8b (Mono JIT Code) UnityEditor.PreviewRenderUtility:Render (bool,bool)
0x000002059cb1ce1b (Mono JIT Code) UnityEditor.GameObjectInspector:DoRenderPreview (UnityEditor.GameObjectInspector/PreviewData)
0x000002059cb1535b (Mono JIT Code) UnityEditor.GameObjectInspector:RenderStaticPreview (string,UnityEngine.Object[],int,int)
0x000002059ca7e95d (Mono JIT Code) UnityEditor.AssetPreviewUpdater:CreatePreview (UnityEngine.Object,UnityEngine.Object[],string,int,int)
0x000002059ca7e663 (Mono JIT Code) UnityEditor.AssetPreviewUpdater:CreatePreviewForAsset (UnityEngine.Object,UnityEngine.Object[],string)
0x000002059ca7e720 (Mono JIT Code) (wrapper runtime-invoke) <Module>:runtime_invoke_object_object_object_object (object,intptr,intptr,intptr)
0x00007ffc112868de (mono-2.0-bdwgc) mono_jit_runtime_invoke (at C:/build/output/Unity-Technologies/mono/mono/mini/mini-runtime.c:3445)
0x00007ffc111c8404 (mono-2.0-bdwgc) do_runtime_invoke (at C:/build/output/Unity-Technologies/mono/mono/metadata/object.c:3068)
0x00007ffc111c84f0 (mono-2.0-bdwgc) mono_runtime_invoke (at C:/build/output/Unity-Technologies/mono/mono/metadata/object.c:3115)
0x00007ffc1398d544 (Unity) scripting_method_invoke
0x00007ffc139652d3 (Unity) ScriptingInvocation::Invoke
0x00007ffc14e6739e (Unity) MonoCreateAssetPreview
0x00007ffc14e68043 (Unity) WriteAssetPreviewToFile
0x00007ffc14e6861b (Unity) WritePreviews
0x00007ffc14e66135 (Unity) PreviewImporter::GenerateAssetData
0x00007ffc14f64222 (Unity) ImportToObjects
0x00007ffc14f63098 (Unity) ImportAsset
0x00007ffc14f00961 (Unity) AssetImportWorker::Import
0x00007ffc14eb2694 (Unity) <lambda_319826b16fd6fd0002c11364be971df3>::operator()
0x00007ffc14f976de (Unity) asio::detail::completion_handler<core::mutable_function<void __cdecl(void)>,asio::io_context::basic_executor_type<std::allocator<void>,0> >::do_complete
0x00007ffc14f84f6a (Unity) asio::detail::win_iocp_io_context::do_one
0x00007ffc14f862d4 (Unity) asio::detail::win_iocp_io_context::run
0x00007ffc14f95cfc (Unity) IOService::Run
0x00007ffc14edde96 (Unity) RunAssetImportWorkerClientV2
0x00007ffc14eddf5b (Unity) RunAssetImporterV2
0x00007ffc146e9398 (Unity) Application::InitializeProject
0x00007ffc14cef235 (Unity) UnityMain
0x00007ff6e4442fba (Unity) __scrt_common_main_seh
0x00007ffcaee97374 (KERNEL32) BaseThreadInitThunk
0x00007ffcb04dcc91 (ntdll) RtlUserThreadStart

State comes from an incompatible keyword space
Expected: From shader: 'Hidden/Universal/CoreBlit' Keyword count: 7 Keywords: STEREO_INSTANCING_ON UNITY_SINGLE_PASS_STEREO STEREO_MULTIVIEW_ON STEREO_CUBEMAP_RENDER_ON BLIT_DECODE_HDR _LINEAR_TO_SRGB_CONVERSION DEBUG_DISPLAY
Actual: From shader: 'Hidden/InternalErrorShader' Keyword count: 7 Keywords: STEREO_INSTANCING_ON UNITY_SINGLE_PASS_STEREO STEREO_MULTIVIEW_ON STEREO_CUBEMAP_RENDER_ON FOG_LINEAR FOG_EXP FOG_EXP2
0x00007ffc13a6921d (Unity) StackWalker::ShowCallstack
0x00007ffc13a791d9 (Unity) PlatformStacktrace::GetStacktrace
0x00007ffc14ce4c1e (Unity) Stacktrace::GetStacktrace
0x00007ffc1528d26f (Unity) DebugStringToFile
0x00007ffc1528ce2a (Unity) AssertImplementation
0x00007ffc1372c2ce (Unity) keywords::LocalKeywordState::ReportIncompatibleKeywordSpace
0x00007ffc137301b3 (Unity) keywords::LocalSpace::KeywordNamesFromState
0x00007ffc136e02c9 (Unity) SharedMaterialData::SetShader
0x00007ffc136e3829 (Unity) Material::UpdateHashesOnPropertyChange
0x00007ffc136e110e (Unity) Material::SetTextureInternal
0x00007ffc12bf19b9 (Unity) Material_CUSTOM_SetTextureImpl
0x000002059cc2a198 (Mono JIT Code) (wrapper managed-to-native) UnityEngine.Material:SetTextureImpl_Injected (intptr,int,intptr)
0x000002059cc2a0d3 (Mono JIT Code) UnityEngine.Material:SetTextureImpl (int,UnityEngine.Texture)
0x000002059ca9fe03 (Mono JIT Code) UnityEngine.Material:SetTexture (int,UnityEngine.Texture)
0x000002059cb0525b (Mono JIT Code) UnityEngine.Rendering.Universal.Internal.FinalBlitPass/<>c:<Render>b__17_0 (UnityEngine.Rendering.Universal.Internal.FinalBlitPass/PassData,UnityEngine.Rendering.RenderGraphModule.RasterGraphContext) (at ./Library/PackageCache/com.unity.render-pipelines.universal@a394fe607f89/Runtime/Passes/FinalBlitPass.cs:318)
0x000002059caf1af1 (Mono JIT Code) UnityEngine.Rendering.RenderGraphModule.RasterRenderGraphPass`1<PassData_REF>:Execute (UnityEngine.Rendering.RenderGraphModule.InternalRenderGraphContext) (at ./Library/PackageCache/com.unity.render-pipelines.core@7bffd5bb179a/Runtime/RenderGraph/RenderGraphPass.cs:603)
0x000002059cadee82 (Mono JIT Code) UnityEngine.Rendering.RenderGraphModule.NativeRenderPassCompiler.NativePassCompiler:ExecuteGraphNode (UnityEngine.Rendering.RenderGraphModule.InternalRenderGraphContext&,UnityEngine.Rendering.RenderGraphModule.RenderGraphResourceRegistry,UnityEngine.Rendering.RenderGraphModule.RenderGraphPass) (at ./Library/PackageCache/com.unity.render-pipelines.core@7bffd5bb179a/Runtime/RenderGraph/Compiler/NativePassCompiler.cs:1328)
0x000002059cadcb7b (Mono JIT Code) UnityEngine.Rendering.RenderGraphModule.NativeRenderPassCompiler.NativePassCompiler:ExecuteGraph (UnityEngine.Rendering.RenderGraphModule.InternalRenderGraphContext,UnityEngine.Rendering.RenderGraphModule.RenderGraphResourceRegistry,System.Collections.Generic.List`1<UnityEngine.Rendering.RenderGraphModule.RenderGraphPass>&) (at ./Library/PackageCache/com.unity.render-pipelines.core@7bffd5bb179a/Runtime/RenderGraph/Compiler/NativePassCompiler.cs:1431)
0x000002059cadc54b (Mono JIT Code) UnityEngine.Rendering.RenderGraphModule.RenderGraph:ExecuteNativeRenderGraph () (at ./Library/PackageCache/com.unity.render-pipelines.core@7bffd5bb179a/Runtime/RenderGraph/RenderGraph.Compiler.cs:44)
0x000002059cab6d33 (Mono JIT Code) UnityEngine.Rendering.RenderGraphModule.RenderGraph:Execute () (at ./Library/PackageCache/com.unity.render-pipelines.core@7bffd5bb179a/Runtime/RenderGraph/RenderGraph.cs:1233)
0x000002059cab6b9b (Mono JIT Code) UnityEngine.Rendering.RenderGraphModule.RenderGraph:EndRecordingAndExecute () (at ./Library/PackageCache/com.unity.render-pipelines.core@7bffd5bb179a/Runtime/RenderGraph/RenderGraph.cs:1197)
0x000002059ccfc983 (Mono JIT Code) UnityEngine.Rendering.Universal.UniversalRenderPipeline:RecordAndExecuteRenderGraph (UnityEngine.Rendering.RenderGraphModule.RenderGraph,UnityEngine.Rendering.ScriptableRenderContext,UnityEngine.Rendering.Universal.ScriptableRenderer,UnityEngine.Rendering.CommandBuffer,UnityEngine.Camera,string) (at ./Library/PackageCache/com.unity.render-pipelines.universal@a394fe607f89/Runtime/UniversalRenderPipelineRenderGraph.cs:26)
0x000002059cceb073 (Mono JIT Code) UnityEngine.Rendering.Universal.UniversalRenderPipeline:RenderSingleCamera (UnityEngine.Rendering.ScriptableRenderContext,UnityEngine.Rendering.Universal.UniversalCameraData) (at ./Library/PackageCache/com.unity.render-pipelines.universal@a394fe607f89/Runtime/UniversalRenderPipeline.cs:858)
0x000002059cce1edb (Mono JIT Code) UnityEngine.Rendering.Universal.UniversalRenderPipeline:RenderSingleCameraInternal (UnityEngine.Rendering.ScriptableRenderContext,UnityEngine.Camera,UnityEngine.Rendering.Universal.UniversalAdditionalCameraData&) (at ./Library/PackageCache/com.unity.render-pipelines.universal@a394fe607f89/Runtime/UniversalRenderPipeline.cs:691)
0x000002059cce1adb (Mono JIT Code) UnityEngine.Rendering.Universal.UniversalRenderPipeline:RenderSingleCameraInternal (UnityEngine.Rendering.ScriptableRenderContext,UnityEngine.Camera) (at ./Library/PackageCache/com.unity.render-pipelines.universal@a394fe607f89/Runtime/UniversalRenderPipeline.cs:666)
0x000002059ccd83d3 (Mono JIT Code) UnityEngine.Rendering.Universal.UniversalRenderPipeline:Render (UnityEngine.Rendering.ScriptableRenderContext,System.Collections.Generic.List`1<UnityEngine.Camera>) (at ./Library/PackageCache/com.unity.render-pipelines.universal@a394fe607f89/Runtime/UniversalRenderPipeline.cs:483)
0x000002059ccd7ed9 (Mono JIT Code) UnityEngine.Rendering.RenderPipeline:InternalRender (UnityEngine.Rendering.ScriptableRenderContext,System.Collections.Generic.List`1<UnityEngine.Camera>)
0x000002059cc45c73 (Mono JIT Code) UnityEngine.Rendering.RenderPipelineManager:DoRenderLoop_Internal (UnityEngine.Rendering.RenderPipelineAsset,intptr,UnityEngine.Object,Unity.Collections.LowLevel.Unsafe.AtomicSafetyHandle)
0x000002059cc45ee8 (Mono JIT Code) (wrapper runtime-invoke) <Module>:runtime_invoke_void_object_intptr_object_AtomicSafetyHandle (object,intptr,intptr,intptr)
0x00007ffc112868de (mono-2.0-bdwgc) mono_jit_runtime_invoke (at C:/build/output/Unity-Technologies/mono/mono/mini/mini-runtime.c:3445)
0x00007ffc111c8404 (mono-2.0-bdwgc) do_runtime_invoke (at C:/build/output/Unity-Technologies/mono/mono/metadata/object.c:3068)
0x00007ffc111c84f0 (mono-2.0-bdwgc) mono_runtime_invoke (at C:/build/output/Unity-Technologies/mono/mono/metadata/object.c:3115)
0x00007ffc1398d544 (Unity) scripting_method_invoke
0x00007ffc139652d3 (Unity) ScriptingInvocation::Invoke
0x00007ffc13960595 (Unity) ScriptingInvocation::Invoke<void>
0x00007ffc13aeae3f (Unity) Scripting::UnityEngine::Rendering::RenderPipelineManagerProxy::DoRenderLoop_Internal
0x00007ffc1354461c (Unity) ScriptableRenderContext::ExtractAndExecuteRenderPipeline
0x00007ffc1328e47e (Unity) Camera::CustomRenderWithPipeline
0x00007ffc1329bc34 (Unity) Camera::StandaloneCustomRender
0x00007ffc1329bea7 (Unity) Camera::StandaloneRender
0x00007ffc132954fe (Unity) CameraScripting::Render
0x00007ffc12b46ad7 (Unity) Camera_CUSTOM_Render
0x000002059cc45a2a (Mono JIT Code) (wrapper managed-to-native) UnityEngine.Camera:Render_Injected (intptr)
0x000002059cc4598b (Mono JIT Code) UnityEngine.Camera:Render ()
0x000002059cc44d8b (Mono JIT Code) UnityEditor.PreviewRenderUtility:Render (bool,bool)
0x000002059cb1ce1b (Mono JIT Code) UnityEditor.GameObjectInspector:DoRenderPreview (UnityEditor.GameObjectInspector/PreviewData)
0x000002059cb1535b (Mono JIT Code) UnityEditor.GameObjectInspector:RenderStaticPreview (string,UnityEngine.Object[],int,int)
0x000002059ca7e95d (Mono JIT Code) UnityEditor.AssetPreviewUpdater:CreatePreview (UnityEngine.Object,UnityEngine.Object[],string,int,int)
0x000002059ca7e663 (Mono JIT Code) UnityEditor.AssetPreviewUpdater:CreatePreviewForAsset (UnityEngine.Object,UnityEngine.Object[],string)
0x000002059ca7e720 (Mono JIT Code) (wrapper runtime-invoke) <Module>:runtime_invoke_object_object_object_object (object,intptr,intptr,intptr)
0x00007ffc112868de (mono-2.0-bdwgc) mono_jit_runtime_invoke (at C:/build/output/Unity-Technologies/mono/mono/mini/mini-runtime.c:3445)
0x00007ffc111c8404 (mono-2.0-bdwgc) do_runtime_invoke (at C:/build/output/Unity-Technologies/mono/mono/metadata/object.c:3068)
0x00007ffc111c84f0 (mono-2.0-bdwgc) mono_runtime_invoke (at C:/build/output/Unity-Technologies/mono/mono/metadata/object.c:3115)
0x00007ffc1398d544 (Unity) scripting_method_invoke
0x00007ffc139652d3 (Unity) ScriptingInvocation::Invoke
0x00007ffc14e6739e (Unity) MonoCreateAssetPreview
0x00007ffc14e68043 (Unity) WriteAssetPreviewToFile
0x00007ffc14e6861b (Unity) WritePreviews
0x00007ffc14e66135 (Unity) PreviewImporter::GenerateAssetData
0x00007ffc14f64222 (Unity) ImportToObjects
0x00007ffc14f63098 (Unity) ImportAsset
0x00007ffc14f00961 (Unity) AssetImportWorker::Import
0x00007ffc14eb2694 (Unity) <lambda_319826b16fd6fd0002c11364be971df3>::operator()
0x00007ffc14f976de (Unity) asio::detail::completion_handler<core::mutable_function<void __cdecl(void)>,asio::io_context::basic_executor_type<std::allocator<void>,0> >::do_complete
0x00007ffc14f84f6a (Unity) asio::detail::win_iocp_io_context::do_one
0x00007ffc14f862d4 (Unity) asio::detail::win_iocp_io_context::run
0x00007ffc14f95cfc (Unity) IOService::Run
0x00007ffc14edde96 (Unity) RunAssetImportWorkerClientV2
0x00007ffc14eddf5b (Unity) RunAssetImporterV2
0x00007ffc146e9398 (Unity) Application::InitializeProject
0x00007ffc14cef235 (Unity) UnityMain
0x00007ff6e4442fba (Unity) __scrt_common_main_seh
0x00007ffcaee97374 (KERNEL32) BaseThreadInitThunk
0x00007ffcb04dcc91 (ntdll) RtlUserThreadStart

 -> (artifact id: '26ae25745b80342a6aff589bdddc71d1') in 12.9679715 seconds
Number of updated asset objects reloaded before import = 0Number of asset objects unloaded after import = 9

========================================================================
Received Import Request.
  Time since last request: 0.000029 seconds.
  path: Assets/Cosmic Origins Spectrograph1.fbx
  artifactKey: Guid(715fcecda196c8248abc2fcb5ebac98d) Importer(815301076,1909f56bfc062723c751e8b465ee728b)
Start importing Assets/Cosmic Origins Spectrograph1.fbx using Guid(715fcecda196c8248abc2fcb5ebac98d) Importer(815301076,1909f56bfc062723c751e8b465ee728b) (PreviewImporter) -> (artifact id: 'be27c1746b5d05a66a7e0fe415deecf0') in 0.7133041 seconds
Number of updated asset objects reloaded before import = 0Number of asset objects unloaded after import = 20

========================================================================
Received Import Request.
  Time since last request: 0.000042 seconds.
  path: Assets/ShipCenter.prefab
  artifactKey: Guid(8b7142d56eb1e1d49a7ce5ea4b1fb88d) Importer(815301076,1909f56bfc062723c751e8b465ee728b)
Start importing Assets/ShipCenter.prefab using Guid(8b7142d56eb1e1d49a7ce5ea4b1fb88d) Importer(815301076,1909f56bfc062723c751e8b465ee728b) (PreviewImporter) -> (artifact id: '61804190361ab750d66c2e9edb38ce75') in 2.005434 seconds
Number of updated asset objects reloaded before import = 0Number of asset objects unloaded after import = 62

========================================================================
Received Import Request.
  Time since last request: 0.000028 seconds.
  path: Assets/TestHealth.mat
  artifactKey: Guid(76c1020d8f7f1c446a27db8495cb5602) Importer(815301076,1909f56bfc062723c751e8b465ee728b)
Start importing Assets/TestHealth.mat using Guid(76c1020d8f7f1c446a27db8495cb5602) Importer(815301076,1909f56bfc062723c751e8b465ee728b) (PreviewImporter) -> (artifact id: '757bfacd4dab095a25a96d6ad1acc595') in 0.0200785 seconds
Number of updated asset objects reloaded before import = 0Number of asset objects unloaded after import = 1

========================================================================
Received Import Request.
  Time since last request: 0.000045 seconds.
  path: Assets/PathWallUnlimited.prefab
  artifactKey: Guid(8b1bc718323e76841af02eb647d888f5) Importer(815301076,1909f56bfc062723c751e8b465ee728b)
Start importing Assets/PathWallUnlimited.prefab using Guid(8b1bc718323e76841af02eb647d888f5) Importer(815301076,1909f56bfc062723c751e8b465ee728b) (PreviewImporter) -> (artifact id: 'd3ab1b624bb17a8686e8643d0ffeac5f') in 0.7207945 seconds
Number of updated asset objects reloaded before import = 0Number of asset objects unloaded after import = 11

========================================================================
Received Prepare
Begin MonoManager ReloadAssembly
- Loaded All Assemblies, in  0.637 seconds
Refreshing native plugins compatible for Editor in 0.77 ms, found 3 plugins.
Native extension for WindowsStandalone target not found
Native extension for WebGL target not found
Mono: successfully reloaded assembly
- Finished resetting the current domain, in  0.562 seconds
Domain Reload Profiling: 1196ms
	BeginReloadAssembly (182ms)
		ExecutionOrderSort (0ms)
		DisableScriptedObjects (17ms)
		BackupInstance (0ms)
		ReleaseScriptingObjects (0ms)
		CreateAndSetChildDomain (51ms)
	RebuildCommonClasses (26ms)
	RebuildNativeTypeToScriptingClass (8ms)
	initialDomainReloadingComplete (25ms)
	LoadAllAssembliesAndSetupDomain (392ms)
		LoadAssemblies (283ms)
		RebuildTransferFunctionScriptingTraits (0ms)
		AnalyzeDomain (184ms)
			TypeCache.Refresh (105ms)
				TypeCache.ScanAssembly (95ms)
			BuildScriptInfoCaches (69ms)
			ResolveRequiredComponents (7ms)
	FinalizeReload (562ms)
		ReleaseScriptCaches (0ms)
		RebuildScriptCaches (0ms)
		SetupLoadedEditorAssemblies (393ms)
			LogAssemblyErrors (0ms)
			InitializePlatformSupportModulesInManaged (3ms)
			SetLoadedEditorAssemblies (5ms)
			BeforeProcessingInitializeOnLoad (104ms)
			ProcessInitializeOnLoadAttributes (239ms)
			ProcessInitializeOnLoadMethodAttributes (36ms)
			AfterProcessingInitializeOnLoad (5ms)
			EditorAssembliesLoaded (0ms)
		ExecutionOrderSort2 (0ms)
		AwakeInstancesAfterBackupRestoration (11ms)
Refreshing native plugins compatible for Editor in 2.27 ms, found 3 plugins.
Preloading 0 native plugins for Editor in 0.00 ms.
Unloading 47 Unused Serialized files (Serialized files now loaded: 0)
Unloading 5998 unused Assets / (9.0 MB). Loaded Objects now: 6747.
Memory consumption went from 160.1 MB to 151.1 MB.
Total: 14.493400 ms (FindLiveObjects: 0.963000 ms CreateObjectMapping: 0.514200 ms MarkObjects: 5.625700 ms  DeleteObjects: 7.389100 ms)

Prepare: number of updated asset objects reloaded= 0
AssetImportParameters requested are different than current active one (requested -> active):
  buildTarget: platform 20, subtarget 0, extendedPlatform 0 -> platform 19, subtarget 2, extendedPlatform 0
  graphicsApiMask: 2048 -> 4
========================================================================
Received Import Request.
  Time since last request: 399.795851 seconds.
  path: Assets/Scripts/UnitTest/UnitTest.cs
  artifactKey: Guid(8f063268b33279f4c870c467c0fdc378) Importer(815301076,1909f56bfc062723c751e8b465ee728b)
Start importing Assets/Scripts/UnitTest/UnitTest.cs using Guid(8f063268b33279f4c870c467c0fdc378) Importer(815301076,1909f56bfc062723c751e8b465ee728b) (PreviewImporter) -> (artifact id: '33d43433bb04e4f6c10c8ef2be80ddba') in 0.0020179 seconds
Number of updated asset objects reloaded before import = 0Number of asset objects unloaded after import = 0

========================================================================
Received Prepare
Begin MonoManager ReloadAssembly
- Loaded All Assemblies, in  0.458 seconds
Refreshing native plugins compatible for Editor in 0.75 ms, found 3 plugins.
Native extension for WindowsStandalone target not found
Native extension for WebGL target not found
Mono: successfully reloaded assembly
- Finished resetting the current domain, in  0.435 seconds
Domain Reload Profiling: 891ms
	BeginReloadAssembly (133ms)
		ExecutionOrderSort (0ms)
		DisableScriptedObjects (4ms)
		BackupInstance (0ms)
		ReleaseScriptingObjects (0ms)
		CreateAndSetChildDomain (35ms)
	RebuildCommonClasses (24ms)
	RebuildNativeTypeToScriptingClass (8ms)
	initialDomainReloadingComplete (19ms)
	LoadAllAssembliesAndSetupDomain (271ms)
		LoadAssemblies (222ms)
		RebuildTransferFunctionScriptingTraits (0ms)
		AnalyzeDomain (111ms)
			TypeCache.Refresh (6ms)
				TypeCache.ScanAssembly (1ms)
			BuildScriptInfoCaches (97ms)
			ResolveRequiredComponents (6ms)
	FinalizeReload (436ms)
		ReleaseScriptCaches (0ms)
		RebuildScriptCaches (0ms)
		SetupLoadedEditorAssemblies (322ms)
			LogAssemblyErrors (0ms)
			InitializePlatformSupportModulesInManaged (2ms)
			SetLoadedEditorAssemblies (3ms)
			BeforeProcessingInitializeOnLoad (71ms)
			ProcessInitializeOnLoadAttributes (209ms)
			ProcessInitializeOnLoadMethodAttributes (31ms)
			AfterProcessingInitializeOnLoad (6ms)
			EditorAssembliesLoaded (0ms)
		ExecutionOrderSort2 (0ms)
		AwakeInstancesAfterBackupRestoration (10ms)
Refreshing native plugins compatible for Editor in 1.25 ms, found 3 plugins.
Preloading 0 native plugins for Editor in 0.00 ms.
Unloading 37 Unused Serialized files (Serialized files now loaded: 0)
Unloading 5997 unused Assets / (7.6 MB). Loaded Objects now: 6749.
Memory consumption went from 158.3 MB to 150.7 MB.
Total: 11.657000 ms (FindLiveObjects: 0.868300 ms CreateObjectMapping: 0.825700 ms MarkObjects: 4.980100 ms  DeleteObjects: 4.981800 ms)

Prepare: number of updated asset objects reloaded= 0
========================================================================
Received Import Request.
  Time since last request: 18.604243 seconds.
  path: Assets/Scripts/UnitTest/UnitTest.cs
  artifactKey: Guid(8f063268b33279f4c870c467c0fdc378) Importer(815301076,1909f56bfc062723c751e8b465ee728b)
Start importing Assets/Scripts/UnitTest/UnitTest.cs using Guid(8f063268b33279f4c870c467c0fdc378) Importer(815301076,1909f56bfc062723c751e8b465ee728b) (PreviewImporter) -> (artifact id: 'c3041a971387a73b5a1aee148e641790') in 0.0022493 seconds
Number of updated asset objects reloaded before import = 0Number of asset objects unloaded after import = 0

