Using pre-set license
Built from '6000.0/staging' branch; Version is '6000.0.36f1 (9fe3b5f71dbb) revision 10478517'; Using compiler version '193933523'; Build Type 'Release'
OS: 'Windows 10  (10.0.19045) 64bit Professional' Language: 'en' Physical Memory: 31784 MB
BatchMode: 1, IsHumanControllingUs: 0, StartBugReporterOnCrash: 0, Is64bit: 1, IsPro: 1

COMMAND LINE ARGUMENTS:
C:\Program Files\Unity\Hub\Editor\6000.0.36f1\Editor\Unity.exe
-adb2
-batchMode
-noUpm
-name
AssetImportWorker1
-projectPath
C:/Users/dylan/Main Final
-logFile
Logs/AssetImportWorker1.log
-srvPort
54106
-job-worker-count
7
-background-job-worker-count
8
-gc-helper-count
1
Successfully changed project path to: C:/Users/dylan/Main Final
C:/Users/dylan/Main Final
[UnityMemory] Configuration Parameters - Can be set up in boot.config
    "memorysetup-bucket-allocator-granularity=16"
    "memorysetup-bucket-allocator-bucket-count=8"
    "memorysetup-bucket-allocator-block-size=33554432"
    "memorysetup-bucket-allocator-block-count=8"
    "memorysetup-main-allocator-block-size=16777216"
    "memorysetup-thread-allocator-block-size=16777216"
    "memorysetup-gfx-main-allocator-block-size=16777216"
    "memorysetup-gfx-thread-allocator-block-size=16777216"
    "memorysetup-cache-allocator-block-size=4194304"
    "memorysetup-typetree-allocator-block-size=2097152"
    "memorysetup-profiler-bucket-allocator-granularity=16"
    "memorysetup-profiler-bucket-allocator-bucket-count=8"
    "memorysetup-profiler-bucket-allocator-block-size=33554432"
    "memorysetup-profiler-bucket-allocator-block-count=8"
    "memorysetup-profiler-allocator-block-size=16777216"
    "memorysetup-profiler-editor-allocator-block-size=1048576"
    "memorysetup-temp-allocator-size-main=16777216"
    "memorysetup-job-temp-allocator-block-size=2097152"
    "memorysetup-job-temp-allocator-block-size-background=1048576"
    "memorysetup-job-temp-allocator-reduction-small-platforms=262144"
    "memorysetup-allocator-temp-initial-block-size-main=262144"
    "memorysetup-allocator-temp-initial-block-size-worker=262144"
    "memorysetup-temp-allocator-size-background-worker=32768"
    "memorysetup-temp-allocator-size-job-worker=262144"
    "memorysetup-temp-allocator-size-preload-manager=33554432"
    "memorysetup-temp-allocator-size-nav-mesh-worker=65536"
    "memorysetup-temp-allocator-size-audio-worker=65536"
    "memorysetup-temp-allocator-size-cloud-worker=32768"
    "memorysetup-temp-allocator-size-gi-baking-worker=262144"
    "memorysetup-temp-allocator-size-gi-baking-worker=262144"
    "memorysetup-temp-allocator-size-gi-baking-worker=262144"
    "memorysetup-temp-allocator-size-gi-baking-worker=262144"
    "memorysetup-temp-allocator-size-gi-baking-worker=262144"
    "memorysetup-temp-allocator-size-gfx=262144"
Player connection [76496]  Target information:

Player connection [76496]  * "[IP] 192.168.0.176 [Port] 0 [Flags] 2 [Guid] 1681234664 [EditorId] 1681234664 [Version] 1048832 [Id] WindowsEditor(7,DESKTOP-506Q78C) [Debug] 1 [PackageName] WindowsEditor [ProjectName] Editor" 

Player connection [76496] Host joined multi-casting on [225.0.0.222:54997]...
Player connection [76496] Host joined alternative multi-casting on [225.0.0.222:34997]...
JobSystem: Creating JobQueue using job-worker-count value 7
Input System module state changed to: Initialized.
[Physics::Module] Initialized fallback backend.
[Physics::Module] Id: 0xdecafbad
Library Redirect Path: Library/
[Physics::Module] Selected backend.
[Physics::Module] Name: PhysX
[Physics::Module] Id: 0xf2b8ea05
[Physics::Module] SDK Version: 4.1.2
[Physics::Module] Integration Version: 1.0.0
[Physics::Module] Threading Mode: Multi-Threaded
Refreshing native plugins compatible for Editor in 1.20 ms, found 3 plugins.
Preloading 0 native plugins for Editor in 0.00 ms.
Initialize engine version: 6000.0.36f1 (9fe3b5f71dbb)
[Subsystems] Discovering subsystems at path C:/Program Files/Unity/Hub/Editor/6000.0.36f1/Editor/Data/Resources/UnitySubsystems
[Subsystems] Discovering subsystems at path C:/Users/dylan/Main Final/Assets
GfxDevice: creating device client; kGfxThreadingModeNonThreaded
Direct3D:
    Version:  Direct3D 11.0 [level 11.1]
    Renderer: NVIDIA GeForce RTX 3080 (ID=0x2206)
    Vendor:   NVIDIA
    VRAM:     10053 MB
    Driver:   32.0.15.7247
Initialize mono
Mono path[0] = 'C:/Program Files/Unity/Hub/Editor/6000.0.36f1/Editor/Data/Managed'
Mono path[1] = 'C:/Program Files/Unity/Hub/Editor/6000.0.36f1/Editor/Data/MonoBleedingEdge/lib/mono/unityjit-win32'
Mono config path = 'C:/Program Files/Unity/Hub/Editor/6000.0.36f1/Editor/Data/MonoBleedingEdge/etc'
Using monoOptions --debugger-agent=transport=dt_socket,embedding=1,server=y,suspend=n,address=127.0.0.1:56508
Begin MonoManager ReloadAssembly
Registering precompiled unity dll's ...
Register platform support module: C:/Program Files/Unity/Hub/Editor/6000.0.36f1/Editor/Data/PlaybackEngines/WebGLSupport/UnityEditor.WebGL.Extensions.dll
Register platform support module: C:/Program Files/Unity/Hub/Editor/6000.0.36f1/Editor/Data/PlaybackEngines/WindowsStandaloneSupport/UnityEditor.WindowsStandalone.Extensions.dll
Registered in 0.003145 seconds.
- Loaded All Assemblies, in  0.259 seconds
Native extension for WindowsStandalone target not found
Native extension for WebGL target not found
Mono: successfully reloaded assembly
- Finished resetting the current domain, in  0.208 seconds
Domain Reload Profiling: 465ms
	BeginReloadAssembly (89ms)
		ExecutionOrderSort (0ms)
		DisableScriptedObjects (0ms)
		BackupInstance (0ms)
		ReleaseScriptingObjects (0ms)
		CreateAndSetChildDomain (0ms)
	RebuildCommonClasses (25ms)
	RebuildNativeTypeToScriptingClass (8ms)
	initialDomainReloadingComplete (34ms)
	LoadAllAssembliesAndSetupDomain (100ms)
		LoadAssemblies (87ms)
		RebuildTransferFunctionScriptingTraits (0ms)
		AnalyzeDomain (98ms)
			TypeCache.Refresh (97ms)
				TypeCache.ScanAssembly (88ms)
			BuildScriptInfoCaches (0ms)
			ResolveRequiredComponents (0ms)
	FinalizeReload (208ms)
		ReleaseScriptCaches (0ms)
		RebuildScriptCaches (0ms)
		SetupLoadedEditorAssemblies (179ms)
			LogAssemblyErrors (0ms)
			InitializePlatformSupportModulesInManaged (16ms)
			SetLoadedEditorAssemblies (3ms)
			BeforeProcessingInitializeOnLoad (33ms)
			ProcessInitializeOnLoadAttributes (93ms)
			ProcessInitializeOnLoadMethodAttributes (34ms)
			AfterProcessingInitializeOnLoad (0ms)
			EditorAssembliesLoaded (0ms)
		ExecutionOrderSort2 (0ms)
		AwakeInstancesAfterBackupRestoration (0ms)
========================================================================
Worker process is ready to serve import requests
Import Worker Mode flag is 0x00
Begin MonoManager ReloadAssembly
- Loaded All Assemblies, in  0.500 seconds
Refreshing native plugins compatible for Editor in 0.80 ms, found 3 plugins.
Native extension for WindowsStandalone target not found
Native extension for WebGL target not found
Mono: successfully reloaded assembly
- Finished resetting the current domain, in  0.472 seconds
Domain Reload Profiling: 967ms
	BeginReloadAssembly (116ms)
		ExecutionOrderSort (0ms)
		DisableScriptedObjects (4ms)
		BackupInstance (0ms)
		ReleaseScriptingObjects (0ms)
		CreateAndSetChildDomain (23ms)
	RebuildCommonClasses (22ms)
	RebuildNativeTypeToScriptingClass (7ms)
	initialDomainReloadingComplete (25ms)
	LoadAllAssembliesAndSetupDomain (324ms)
		LoadAssemblies (250ms)
		RebuildTransferFunctionScriptingTraits (0ms)
		AnalyzeDomain (144ms)
			TypeCache.Refresh (106ms)
				TypeCache.ScanAssembly (97ms)
			BuildScriptInfoCaches (29ms)
			ResolveRequiredComponents (7ms)
	FinalizeReload (472ms)
		ReleaseScriptCaches (0ms)
		RebuildScriptCaches (0ms)
		SetupLoadedEditorAssemblies (366ms)
			LogAssemblyErrors (0ms)
			InitializePlatformSupportModulesInManaged (2ms)
			SetLoadedEditorAssemblies (3ms)
			BeforeProcessingInitializeOnLoad (73ms)
			ProcessInitializeOnLoadAttributes (227ms)
			ProcessInitializeOnLoadMethodAttributes (57ms)
			AfterProcessingInitializeOnLoad (5ms)
			EditorAssembliesLoaded (0ms)
		ExecutionOrderSort2 (0ms)
		AwakeInstancesAfterBackupRestoration (5ms)
Launched and connected shader compiler UnityShaderCompiler.exe after 0.01 seconds
Refreshing native plugins compatible for Editor in 1.30 ms, found 3 plugins.
Preloading 0 native plugins for Editor in 0.00 ms.
Unloading 213 Unused Serialized files (Serialized files now loaded: 0)
Unloading 5999 unused Assets / (6.5 MB). Loaded Objects now: 6659.
Memory consumption went from 161.9 MB to 155.4 MB.
Total: 10.760400 ms (FindLiveObjects: 0.874800 ms CreateObjectMapping: 0.504800 ms MarkObjects: 6.036100 ms  DeleteObjects: 3.343800 ms)

========================================================================
Received Import Request.
  Time since last request: 282668.245703 seconds.
  path: Assets/InputSystem_Actions.inputactions
  artifactKey: Guid(052faaac586de48259a63d0c4782560b) Importer(815301076,1909f56bfc062723c751e8b465ee728b)
Start importing Assets/InputSystem_Actions.inputactions using Guid(052faaac586de48259a63d0c4782560b) Importer(815301076,1909f56bfc062723c751e8b465ee728b) (PreviewImporter) -> (artifact id: '2750a92ba4a2651e2bef7b4af8c232bf') in 0.0264155 seconds
Number of updated asset objects reloaded before import = 0Number of asset objects unloaded after import = 30

========================================================================
Received Import Request.
  Time since last request: 0.000022 seconds.
  path: Assets/PathWallUnlimited.prefab
  artifactKey: Guid(8b1bc718323e76841af02eb647d888f5) Importer(815301076,1909f56bfc062723c751e8b465ee728b)
Start importing Assets/PathWallUnlimited.prefab using Guid(8b1bc718323e76841af02eb647d888f5) Importer(815301076,1909f56bfc062723c751e8b465ee728b) (PreviewImporter) -> (artifact id: '1501598a9caf24353de83cab8b52a3cd') in 0.3166203 seconds
Number of updated asset objects reloaded before import = 0Number of asset objects unloaded after import = 13

========================================================================
Received Prepare
Refreshing native plugins compatible for Editor in 1.54 ms, found 3 plugins.
Preloading 0 native plugins for Editor in 0.00 ms.
Unloading 37 Unused Serialized files (Serialized files now loaded: 0)
Unloading 38 unused Assets / (3.6 MB). Loaded Objects now: 6814.
Memory consumption went from 145.3 MB to 141.7 MB.
Total: 7.561900 ms (FindLiveObjects: 0.607700 ms CreateObjectMapping: 0.161900 ms MarkObjects: 5.780500 ms  DeleteObjects: 1.011100 ms)

Prepare: number of updated asset objects reloaded= 140
AssetImportParameters requested are different than current active one (requested -> active):
  buildTarget: platform 20, subtarget 0, extendedPlatform 0 -> platform 19, subtarget 2, extendedPlatform 0
  graphicsApiMask: 2048 -> 4
========================================================================
Received Prepare
Refreshing native plugins compatible for Editor in 1.24 ms, found 3 plugins.
Preloading 0 native plugins for Editor in 0.00 ms.
Unloading 37 Unused Serialized files (Serialized files now loaded: 0)
Unloading 37 unused Assets / (3.6 MB). Loaded Objects now: 6814.
Memory consumption went from 144.9 MB to 141.2 MB.
Total: 103.547100 ms (FindLiveObjects: 0.941500 ms CreateObjectMapping: 0.669300 ms MarkObjects: 76.757200 ms  DeleteObjects: 25.176200 ms)

Prepare: number of updated asset objects reloaded= 0
AssetImportParameters requested are different than current active one (requested -> active):
  buildTarget: platform 20, subtarget 0, extendedPlatform 0 -> platform 19, subtarget 2, extendedPlatform 0
  graphicsApiMask: 2048 -> 4
========================================================================
Received Import Request.
  Time since last request: 123.842335 seconds.
  path: Assets/AsteroidColor.mat
  artifactKey: Guid(5d750f9315a76114fa5cbb621221539e) Importer(815301076,1909f56bfc062723c751e8b465ee728b)
Start importing Assets/AsteroidColor.mat using Guid(5d750f9315a76114fa5cbb621221539e) Importer(815301076,1909f56bfc062723c751e8b465ee728b) (PreviewImporter)State comes from an incompatible keyword space
Expected: From shader: 'Hidden/Universal/CoreBlit' Keyword count: 7 Keywords: STEREO_INSTANCING_ON UNITY_SINGLE_PASS_STEREO STEREO_MULTIVIEW_ON STEREO_CUBEMAP_RENDER_ON BLIT_DECODE_HDR _LINEAR_TO_SRGB_CONVERSION DEBUG_DISPLAY
Actual: From shader: 'Hidden/InternalErrorShader' Keyword count: 7 Keywords: STEREO_INSTANCING_ON UNITY_SINGLE_PASS_STEREO STEREO_MULTIVIEW_ON STEREO_CUBEMAP_RENDER_ON FOG_LINEAR FOG_EXP FOG_EXP2
0x00007ffc13a6921d (Unity) StackWalker::ShowCallstack
0x00007ffc13a791d9 (Unity) PlatformStacktrace::GetStacktrace
0x00007ffc14ce4c1e (Unity) Stacktrace::GetStacktrace
0x00007ffc1528d26f (Unity) DebugStringToFile
0x00007ffc1528ce2a (Unity) AssertImplementation
0x00007ffc1372c2ce (Unity) keywords::LocalKeywordState::ReportIncompatibleKeywordSpace
0x00007ffc136dca25 (Unity) Material::ResetKeywords
0x00007ffc134a1361 (Unity) MaterialScripting::SetEnabledKeywords
0x00007ffc12bdc02c (Unity) Material_CUSTOM_SetEnabledKeywords
0x0000020e2716833d (Mono JIT Code) (wrapper managed-to-native) UnityEngine.Material:SetEnabledKeywords_Injected (intptr,UnityEngine.Rendering.LocalKeyword[])
0x0000020e2716829b (Mono JIT Code) UnityEngine.Material:SetEnabledKeywords (UnityEngine.Rendering.LocalKeyword[])
0x0000020e271681d3 (Mono JIT Code) UnityEngine.Material:set_enabledKeywords (UnityEngine.Rendering.LocalKeyword[])
0x0000020e27167983 (Mono JIT Code) UnityEngine.Rendering.Universal.Internal.FinalBlitPass/<>c:<Render>b__17_0 (UnityEngine.Rendering.Universal.Internal.FinalBlitPass/PassData,UnityEngine.Rendering.RenderGraphModule.RasterGraphContext) (at ./Library/PackageCache/com.unity.render-pipelines.universal@a394fe607f89/Runtime/Passes/FinalBlitPass.cs:315)
0x0000020e27154e01 (Mono JIT Code) UnityEngine.Rendering.RenderGraphModule.RasterRenderGraphPass`1<PassData_REF>:Execute (UnityEngine.Rendering.RenderGraphModule.InternalRenderGraphContext) (at ./Library/PackageCache/com.unity.render-pipelines.core@7bffd5bb179a/Runtime/RenderGraph/RenderGraphPass.cs:603)
0x0000020e27141c62 (Mono JIT Code) UnityEngine.Rendering.RenderGraphModule.NativeRenderPassCompiler.NativePassCompiler:ExecuteGraphNode (UnityEngine.Rendering.RenderGraphModule.InternalRenderGraphContext&,UnityEngine.Rendering.RenderGraphModule.RenderGraphResourceRegistry,UnityEngine.Rendering.RenderGraphModule.RenderGraphPass) (at ./Library/PackageCache/com.unity.render-pipelines.core@7bffd5bb179a/Runtime/RenderGraph/Compiler/NativePassCompiler.cs:1328)
0x0000020e2713f23b (Mono JIT Code) UnityEngine.Rendering.RenderGraphModule.NativeRenderPassCompiler.NativePassCompiler:ExecuteGraph (UnityEngine.Rendering.RenderGraphModule.InternalRenderGraphContext,UnityEngine.Rendering.RenderGraphModule.RenderGraphResourceRegistry,System.Collections.Generic.List`1<UnityEngine.Rendering.RenderGraphModule.RenderGraphPass>&) (at ./Library/PackageCache/com.unity.render-pipelines.core@7bffd5bb179a/Runtime/RenderGraph/Compiler/NativePassCompiler.cs:1431)
0x0000020e2713ec0b (Mono JIT Code) UnityEngine.Rendering.RenderGraphModule.RenderGraph:ExecuteNativeRenderGraph () (at ./Library/PackageCache/com.unity.render-pipelines.core@7bffd5bb179a/Runtime/RenderGraph/RenderGraph.Compiler.cs:44)
0x0000020e2711b393 (Mono JIT Code) UnityEngine.Rendering.RenderGraphModule.RenderGraph:Execute () (at ./Library/PackageCache/com.unity.render-pipelines.core@7bffd5bb179a/Runtime/RenderGraph/RenderGraph.cs:1233)
0x0000020e2711b1fb (Mono JIT Code) UnityEngine.Rendering.RenderGraphModule.RenderGraph:EndRecordingAndExecute () (at ./Library/PackageCache/com.unity.render-pipelines.core@7bffd5bb179a/Runtime/RenderGraph/RenderGraph.cs:1197)
0x0000020e260eef83 (Mono JIT Code) UnityEngine.Rendering.Universal.UniversalRenderPipeline:RecordAndExecuteRenderGraph (UnityEngine.Rendering.RenderGraphModule.RenderGraph,UnityEngine.Rendering.ScriptableRenderContext,UnityEngine.Rendering.Universal.ScriptableRenderer,UnityEngine.Rendering.CommandBuffer,UnityEngine.Camera,string) (at ./Library/PackageCache/com.unity.render-pipelines.universal@a394fe607f89/Runtime/UniversalRenderPipelineRenderGraph.cs:26)
0x0000020e260d4663 (Mono JIT Code) UnityEngine.Rendering.Universal.UniversalRenderPipeline:RenderSingleCamera (UnityEngine.Rendering.ScriptableRenderContext,UnityEngine.Rendering.Universal.UniversalCameraData) (at ./Library/PackageCache/com.unity.render-pipelines.universal@a394fe607f89/Runtime/UniversalRenderPipeline.cs:858)
0x0000020e260caf0b (Mono JIT Code) UnityEngine.Rendering.Universal.UniversalRenderPipeline:RenderSingleCameraInternal (UnityEngine.Rendering.ScriptableRenderContext,UnityEngine.Camera,UnityEngine.Rendering.Universal.UniversalAdditionalCameraData&) (at ./Library/PackageCache/com.unity.render-pipelines.universal@a394fe607f89/Runtime/UniversalRenderPipeline.cs:691)
0x0000020e260cab0b (Mono JIT Code) UnityEngine.Rendering.Universal.UniversalRenderPipeline:RenderSingleCameraInternal (UnityEngine.Rendering.ScriptableRenderContext,UnityEngine.Camera) (at ./Library/PackageCache/com.unity.render-pipelines.universal@a394fe607f89/Runtime/UniversalRenderPipeline.cs:666)
0x0000020e260c1893 (Mono JIT Code) UnityEngine.Rendering.Universal.UniversalRenderPipeline:Render (UnityEngine.Rendering.ScriptableRenderContext,System.Collections.Generic.List`1<UnityEngine.Camera>) (at ./Library/PackageCache/com.unity.render-pipelines.universal@a394fe607f89/Runtime/UniversalRenderPipeline.cs:483)
0x0000020e260c1399 (Mono JIT Code) UnityEngine.Rendering.RenderPipeline:InternalRender (UnityEngine.Rendering.ScriptableRenderContext,System.Collections.Generic.List`1<UnityEngine.Camera>)
0x0000020e24fecff3 (Mono JIT Code) UnityEngine.Rendering.RenderPipelineManager:DoRenderLoop_Internal (UnityEngine.Rendering.RenderPipelineAsset,intptr,UnityEngine.Object,Unity.Collections.LowLevel.Unsafe.AtomicSafetyHandle)
0x0000020e24fed268 (Mono JIT Code) (wrapper runtime-invoke) <Module>:runtime_invoke_void_object_intptr_object_AtomicSafetyHandle (object,intptr,intptr,intptr)
0x00007ffc112868de (mono-2.0-bdwgc) mono_jit_runtime_invoke (at C:/build/output/Unity-Technologies/mono/mono/mini/mini-runtime.c:3445)
0x00007ffc111c8404 (mono-2.0-bdwgc) do_runtime_invoke (at C:/build/output/Unity-Technologies/mono/mono/metadata/object.c:3068)
0x00007ffc111c84f0 (mono-2.0-bdwgc) mono_runtime_invoke (at C:/build/output/Unity-Technologies/mono/mono/metadata/object.c:3115)
0x00007ffc1398d544 (Unity) scripting_method_invoke
0x00007ffc139652d3 (Unity) ScriptingInvocation::Invoke
0x00007ffc13960595 (Unity) ScriptingInvocation::Invoke<void>
0x00007ffc13aeae3f (Unity) Scripting::UnityEngine::Rendering::RenderPipelineManagerProxy::DoRenderLoop_Internal
0x00007ffc1354461c (Unity) ScriptableRenderContext::ExtractAndExecuteRenderPipeline
0x00007ffc1328e47e (Unity) Camera::CustomRenderWithPipeline
0x00007ffc1329bc34 (Unity) Camera::StandaloneCustomRender
0x00007ffc1329bea7 (Unity) Camera::StandaloneRender
0x00007ffc132954fe (Unity) CameraScripting::Render
0x00007ffc12b46ad7 (Unity) Camera_CUSTOM_Render
0x0000020e24fecdaa (Mono JIT Code) (wrapper managed-to-native) UnityEngine.Camera:Render_Injected (intptr)
0x0000020e24fecd0b (Mono JIT Code) UnityEngine.Camera:Render ()
0x0000020e24fec10b (Mono JIT Code) UnityEditor.PreviewRenderUtility:Render (bool,bool)
0x0000020e2717d053 (Mono JIT Code) UnityEditor.MaterialEditor:DoRenderPreview (UnityEditor.PreviewRenderUtility,bool)
0x0000020e2717701b (Mono JIT Code) UnityEditor.MaterialEditor:RenderStaticPreview (string,UnityEngine.Object[],int,int)
0x0000020e24fdf1fd (Mono JIT Code) UnityEditor.AssetPreviewUpdater:CreatePreview (UnityEngine.Object,UnityEngine.Object[],string,int,int)
0x0000020e24fdef03 (Mono JIT Code) UnityEditor.AssetPreviewUpdater:CreatePreviewForAsset (UnityEngine.Object,UnityEngine.Object[],string)
0x0000020e24fdefc0 (Mono JIT Code) (wrapper runtime-invoke) <Module>:runtime_invoke_object_object_object_object (object,intptr,intptr,intptr)
0x00007ffc112868de (mono-2.0-bdwgc) mono_jit_runtime_invoke (at C:/build/output/Unity-Technologies/mono/mono/mini/mini-runtime.c:3445)
0x00007ffc111c8404 (mono-2.0-bdwgc) do_runtime_invoke (at C:/build/output/Unity-Technologies/mono/mono/metadata/object.c:3068)
0x00007ffc111c84f0 (mono-2.0-bdwgc) mono_runtime_invoke (at C:/build/output/Unity-Technologies/mono/mono/metadata/object.c:3115)
0x00007ffc1398d544 (Unity) scripting_method_invoke
0x00007ffc139652d3 (Unity) ScriptingInvocation::Invoke
0x00007ffc14e6739e (Unity) MonoCreateAssetPreview
0x00007ffc14e68043 (Unity) WriteAssetPreviewToFile
0x00007ffc14e6861b (Unity) WritePreviews
0x00007ffc14e66135 (Unity) PreviewImporter::GenerateAssetData
0x00007ffc14f64222 (Unity) ImportToObjects
0x00007ffc14f63098 (Unity) ImportAsset
0x00007ffc14f00961 (Unity) AssetImportWorker::Import
0x00007ffc14eb2694 (Unity) <lambda_319826b16fd6fd0002c11364be971df3>::operator()
0x00007ffc14f976de (Unity) asio::detail::completion_handler<core::mutable_function<void __cdecl(void)>,asio::io_context::basic_executor_type<std::allocator<void>,0> >::do_complete
0x00007ffc14f84f6a (Unity) asio::detail::win_iocp_io_context::do_one
0x00007ffc14f862d4 (Unity) asio::detail::win_iocp_io_context::run
0x00007ffc14f95cfc (Unity) IOService::Run
0x00007ffc14edde96 (Unity) RunAssetImportWorkerClientV2
0x00007ffc14eddf5b (Unity) RunAssetImporterV2
0x00007ffc146e9398 (Unity) Application::InitializeProject
0x00007ffc14cef235 (Unity) UnityMain
0x00007ff6e4442fba (Unity) __scrt_common_main_seh
0x00007ffcaee97374 (KERNEL32) BaseThreadInitThunk
0x00007ffcb04dcc91 (ntdll) RtlUserThreadStart

State comes from an incompatible keyword space
Expected: From shader: 'Hidden/Universal/CoreBlit' Keyword count: 7 Keywords: STEREO_INSTANCING_ON UNITY_SINGLE_PASS_STEREO STEREO_MULTIVIEW_ON STEREO_CUBEMAP_RENDER_ON BLIT_DECODE_HDR _LINEAR_TO_SRGB_CONVERSION DEBUG_DISPLAY
Actual: From shader: 'Hidden/InternalErrorShader' Keyword count: 7 Keywords: STEREO_INSTANCING_ON UNITY_SINGLE_PASS_STEREO STEREO_MULTIVIEW_ON STEREO_CUBEMAP_RENDER_ON FOG_LINEAR FOG_EXP FOG_EXP2
0x00007ffc13a6921d (Unity) StackWalker::ShowCallstack
0x00007ffc13a791d9 (Unity) PlatformStacktrace::GetStacktrace
0x00007ffc14ce4c1e (Unity) Stacktrace::GetStacktrace
0x00007ffc1528d26f (Unity) DebugStringToFile
0x00007ffc1528ce2a (Unity) AssertImplementation
0x00007ffc1372c2ce (Unity) keywords::LocalKeywordState::ReportIncompatibleKeywordSpace
0x00007ffc137301b3 (Unity) keywords::LocalSpace::KeywordNamesFromState
0x00007ffc136e02c9 (Unity) SharedMaterialData::SetShader
0x00007ffc136e3829 (Unity) Material::UpdateHashesOnPropertyChange
0x00007ffc136e110e (Unity) Material::SetTextureInternal
0x00007ffc12bf19b9 (Unity) Material_CUSTOM_SetTextureImpl
0x0000020e260e4c78 (Mono JIT Code) (wrapper managed-to-native) UnityEngine.Material:SetTextureImpl_Injected (intptr,int,intptr)
0x0000020e260e4bc3 (Mono JIT Code) UnityEngine.Material:SetTextureImpl (int,UnityEngine.Texture)
0x0000020e26134093 (Mono JIT Code) UnityEngine.Material:SetTexture (int,UnityEngine.Texture)
0x0000020e27167a6b (Mono JIT Code) UnityEngine.Rendering.Universal.Internal.FinalBlitPass/<>c:<Render>b__17_0 (UnityEngine.Rendering.Universal.Internal.FinalBlitPass/PassData,UnityEngine.Rendering.RenderGraphModule.RasterGraphContext) (at ./Library/PackageCache/com.unity.render-pipelines.universal@a394fe607f89/Runtime/Passes/FinalBlitPass.cs:318)
0x0000020e27154e01 (Mono JIT Code) UnityEngine.Rendering.RenderGraphModule.RasterRenderGraphPass`1<PassData_REF>:Execute (UnityEngine.Rendering.RenderGraphModule.InternalRenderGraphContext) (at ./Library/PackageCache/com.unity.render-pipelines.core@7bffd5bb179a/Runtime/RenderGraph/RenderGraphPass.cs:603)
0x0000020e27141c62 (Mono JIT Code) UnityEngine.Rendering.RenderGraphModule.NativeRenderPassCompiler.NativePassCompiler:ExecuteGraphNode (UnityEngine.Rendering.RenderGraphModule.InternalRenderGraphContext&,UnityEngine.Rendering.RenderGraphModule.RenderGraphResourceRegistry,UnityEngine.Rendering.RenderGraphModule.RenderGraphPass) (at ./Library/PackageCache/com.unity.render-pipelines.core@7bffd5bb179a/Runtime/RenderGraph/Compiler/NativePassCompiler.cs:1328)
0x0000020e2713f23b (Mono JIT Code) UnityEngine.Rendering.RenderGraphModule.NativeRenderPassCompiler.NativePassCompiler:ExecuteGraph (UnityEngine.Rendering.RenderGraphModule.InternalRenderGraphContext,UnityEngine.Rendering.RenderGraphModule.RenderGraphResourceRegistry,System.Collections.Generic.List`1<UnityEngine.Rendering.RenderGraphModule.RenderGraphPass>&) (at ./Library/PackageCache/com.unity.render-pipelines.core@7bffd5bb179a/Runtime/RenderGraph/Compiler/NativePassCompiler.cs:1431)
0x0000020e2713ec0b (Mono JIT Code) UnityEngine.Rendering.RenderGraphModule.RenderGraph:ExecuteNativeRenderGraph () (at ./Library/PackageCache/com.unity.render-pipelines.core@7bffd5bb179a/Runtime/RenderGraph/RenderGraph.Compiler.cs:44)
0x0000020e2711b393 (Mono JIT Code) UnityEngine.Rendering.RenderGraphModule.RenderGraph:Execute () (at ./Library/PackageCache/com.unity.render-pipelines.core@7bffd5bb179a/Runtime/RenderGraph/RenderGraph.cs:1233)
0x0000020e2711b1fb (Mono JIT Code) UnityEngine.Rendering.RenderGraphModule.RenderGraph:EndRecordingAndExecute () (at ./Library/PackageCache/com.unity.render-pipelines.core@7bffd5bb179a/Runtime/RenderGraph/RenderGraph.cs:1197)
0x0000020e260eef83 (Mono JIT Code) UnityEngine.Rendering.Universal.UniversalRenderPipeline:RecordAndExecuteRenderGraph (UnityEngine.Rendering.RenderGraphModule.RenderGraph,UnityEngine.Rendering.ScriptableRenderContext,UnityEngine.Rendering.Universal.ScriptableRenderer,UnityEngine.Rendering.CommandBuffer,UnityEngine.Camera,string) (at ./Library/PackageCache/com.unity.render-pipelines.universal@a394fe607f89/Runtime/UniversalRenderPipelineRenderGraph.cs:26)
0x0000020e260d4663 (Mono JIT Code) UnityEngine.Rendering.Universal.UniversalRenderPipeline:RenderSingleCamera (UnityEngine.Rendering.ScriptableRenderContext,UnityEngine.Rendering.Universal.UniversalCameraData) (at ./Library/PackageCache/com.unity.render-pipelines.universal@a394fe607f89/Runtime/UniversalRenderPipeline.cs:858)
0x0000020e260caf0b (Mono JIT Code) UnityEngine.Rendering.Universal.UniversalRenderPipeline:RenderSingleCameraInternal (UnityEngine.Rendering.ScriptableRenderContext,UnityEngine.Camera,UnityEngine.Rendering.Universal.UniversalAdditionalCameraData&) (at ./Library/PackageCache/com.unity.render-pipelines.universal@a394fe607f89/Runtime/UniversalRenderPipeline.cs:691)
0x0000020e260cab0b (Mono JIT Code) UnityEngine.Rendering.Universal.UniversalRenderPipeline:RenderSingleCameraInternal (UnityEngine.Rendering.ScriptableRenderContext,UnityEngine.Camera) (at ./Library/PackageCache/com.unity.render-pipelines.universal@a394fe607f89/Runtime/UniversalRenderPipeline.cs:666)
0x0000020e260c1893 (Mono JIT Code) UnityEngine.Rendering.Universal.UniversalRenderPipeline:Render (UnityEngine.Rendering.ScriptableRenderContext,System.Collections.Generic.List`1<UnityEngine.Camera>) (at ./Library/PackageCache/com.unity.render-pipelines.universal@a394fe607f89/Runtime/UniversalRenderPipeline.cs:483)
0x0000020e260c1399 (Mono JIT Code) UnityEngine.Rendering.RenderPipeline:InternalRender (UnityEngine.Rendering.ScriptableRenderContext,System.Collections.Generic.List`1<UnityEngine.Camera>)
0x0000020e24fecff3 (Mono JIT Code) UnityEngine.Rendering.RenderPipelineManager:DoRenderLoop_Internal (UnityEngine.Rendering.RenderPipelineAsset,intptr,UnityEngine.Object,Unity.Collections.LowLevel.Unsafe.AtomicSafetyHandle)
0x0000020e24fed268 (Mono JIT Code) (wrapper runtime-invoke) <Module>:runtime_invoke_void_object_intptr_object_AtomicSafetyHandle (object,intptr,intptr,intptr)
0x00007ffc112868de (mono-2.0-bdwgc) mono_jit_runtime_invoke (at C:/build/output/Unity-Technologies/mono/mono/mini/mini-runtime.c:3445)
0x00007ffc111c8404 (mono-2.0-bdwgc) do_runtime_invoke (at C:/build/output/Unity-Technologies/mono/mono/metadata/object.c:3068)
0x00007ffc111c84f0 (mono-2.0-bdwgc) mono_runtime_invoke (at C:/build/output/Unity-Technologies/mono/mono/metadata/object.c:3115)
0x00007ffc1398d544 (Unity) scripting_method_invoke
0x00007ffc139652d3 (Unity) ScriptingInvocation::Invoke
0x00007ffc13960595 (Unity) ScriptingInvocation::Invoke<void>
0x00007ffc13aeae3f (Unity) Scripting::UnityEngine::Rendering::RenderPipelineManagerProxy::DoRenderLoop_Internal
0x00007ffc1354461c (Unity) ScriptableRenderContext::ExtractAndExecuteRenderPipeline
0x00007ffc1328e47e (Unity) Camera::CustomRenderWithPipeline
0x00007ffc1329bc34 (Unity) Camera::StandaloneCustomRender
0x00007ffc1329bea7 (Unity) Camera::StandaloneRender
0x00007ffc132954fe (Unity) CameraScripting::Render
0x00007ffc12b46ad7 (Unity) Camera_CUSTOM_Render
0x0000020e24fecdaa (Mono JIT Code) (wrapper managed-to-native) UnityEngine.Camera:Render_Injected (intptr)
0x0000020e24fecd0b (Mono JIT Code) UnityEngine.Camera:Render ()
0x0000020e24fec10b (Mono JIT Code) UnityEditor.PreviewRenderUtility:Render (bool,bool)
0x0000020e2717d053 (Mono JIT Code) UnityEditor.MaterialEditor:DoRenderPreview (UnityEditor.PreviewRenderUtility,bool)
0x0000020e2717701b (Mono JIT Code) UnityEditor.MaterialEditor:RenderStaticPreview (string,UnityEngine.Object[],int,int)
0x0000020e24fdf1fd (Mono JIT Code) UnityEditor.AssetPreviewUpdater:CreatePreview (UnityEngine.Object,UnityEngine.Object[],string,int,int)
0x0000020e24fdef03 (Mono JIT Code) UnityEditor.AssetPreviewUpdater:CreatePreviewForAsset (UnityEngine.Object,UnityEngine.Object[],string)
0x0000020e24fdefc0 (Mono JIT Code) (wrapper runtime-invoke) <Module>:runtime_invoke_object_object_object_object (object,intptr,intptr,intptr)
0x00007ffc112868de (mono-2.0-bdwgc) mono_jit_runtime_invoke (at C:/build/output/Unity-Technologies/mono/mono/mini/mini-runtime.c:3445)
0x00007ffc111c8404 (mono-2.0-bdwgc) do_runtime_invoke (at C:/build/output/Unity-Technologies/mono/mono/metadata/object.c:3068)
0x00007ffc111c84f0 (mono-2.0-bdwgc) mono_runtime_invoke (at C:/build/output/Unity-Technologies/mono/mono/metadata/object.c:3115)
0x00007ffc1398d544 (Unity) scripting_method_invoke
0x00007ffc139652d3 (Unity) ScriptingInvocation::Invoke
0x00007ffc14e6739e (Unity) MonoCreateAssetPreview
0x00007ffc14e68043 (Unity) WriteAssetPreviewToFile
0x00007ffc14e6861b (Unity) WritePreviews
0x00007ffc14e66135 (Unity) PreviewImporter::GenerateAssetData
0x00007ffc14f64222 (Unity) ImportToObjects
0x00007ffc14f63098 (Unity) ImportAsset
0x00007ffc14f00961 (Unity) AssetImportWorker::Import
0x00007ffc14eb2694 (Unity) <lambda_319826b16fd6fd0002c11364be971df3>::operator()
0x00007ffc14f976de (Unity) asio::detail::completion_handler<core::mutable_function<void __cdecl(void)>,asio::io_context::basic_executor_type<std::allocator<void>,0> >::do_complete
0x00007ffc14f84f6a (Unity) asio::detail::win_iocp_io_context::do_one
0x00007ffc14f862d4 (Unity) asio::detail::win_iocp_io_context::run
0x00007ffc14f95cfc (Unity) IOService::Run
0x00007ffc14edde96 (Unity) RunAssetImportWorkerClientV2
0x00007ffc14eddf5b (Unity) RunAssetImporterV2
0x00007ffc146e9398 (Unity) Application::InitializeProject
0x00007ffc14cef235 (Unity) UnityMain
0x00007ff6e4442fba (Unity) __scrt_common_main_seh
0x00007ffcaee97374 (KERNEL32) BaseThreadInitThunk
0x00007ffcb04dcc91 (ntdll) RtlUserThreadStart

 -> (artifact id: '033369adee36047bafa35154a83b8e6c') in 12.1852989 seconds
Number of updated asset objects reloaded before import = 0Number of asset objects unloaded after import = 1

========================================================================
Received Import Request.
  Time since last request: 0.004611 seconds.
  path: Assets/AsteroidTexture.mat
  artifactKey: Guid(bf518c6979869fd4084d025d0ffa81ce) Importer(815301076,1909f56bfc062723c751e8b465ee728b)
Start importing Assets/AsteroidTexture.mat using Guid(bf518c6979869fd4084d025d0ffa81ce) Importer(815301076,1909f56bfc062723c751e8b465ee728b) (PreviewImporter) -> (artifact id: '5bb6fa3f5c8fbca3eb97098786a09c54') in 0.2392438 seconds
Number of updated asset objects reloaded before import = 0Number of asset objects unloaded after import = 1

========================================================================
Received Import Request.
  Time since last request: 0.361268 seconds.
  path: Assets/glow-material.mat
  artifactKey: Guid(52dc9284cd7a4da4d85a5abaa0ade096) Importer(815301076,1909f56bfc062723c751e8b465ee728b)
Start importing Assets/glow-material.mat using Guid(52dc9284cd7a4da4d85a5abaa0ade096) Importer(815301076,1909f56bfc062723c751e8b465ee728b) (PreviewImporter) -> (artifact id: '835ceac46c2e44442b2851788a89efd8') in 1.7517647 seconds
Number of updated asset objects reloaded before import = 0Number of asset objects unloaded after import = 1

========================================================================
Received Import Request.
  Time since last request: 0.000030 seconds.
  path: Assets/Psyche 1.prefab
  artifactKey: Guid(aa1069de54924864c90ee36b23bbf690) Importer(815301076,1909f56bfc062723c751e8b465ee728b)
Start importing Assets/Psyche 1.prefab using Guid(aa1069de54924864c90ee36b23bbf690) Importer(815301076,1909f56bfc062723c751e8b465ee728b) (PreviewImporter) -> (artifact id: 'a3077550c45c7b64e965e198065aeed5') in 0.0190573 seconds
Number of updated asset objects reloaded before import = 0Number of asset objects unloaded after import = 12

========================================================================
Received Import Request.
  Time since last request: 0.000047 seconds.
  path: Assets/PsycheMetal.mat
  artifactKey: Guid(ebf84db2ed03724478581b40f07512e8) Importer(815301076,1909f56bfc062723c751e8b465ee728b)
Start importing Assets/PsycheMetal.mat using Guid(ebf84db2ed03724478581b40f07512e8) Importer(815301076,1909f56bfc062723c751e8b465ee728b) (PreviewImporter) -> (artifact id: 'fc94f1b827fc7476343108b5d3e05788') in 2.0345688 seconds
Number of updated asset objects reloaded before import = 0Number of asset objects unloaded after import = 1

========================================================================
Received Prepare
Begin MonoManager ReloadAssembly
- Loaded All Assemblies, in  0.631 seconds
Refreshing native plugins compatible for Editor in 0.82 ms, found 3 plugins.
Native extension for WindowsStandalone target not found
Native extension for WebGL target not found
Mono: successfully reloaded assembly
- Finished resetting the current domain, in  0.569 seconds
Domain Reload Profiling: 1197ms
	BeginReloadAssembly (175ms)
		ExecutionOrderSort (0ms)
		DisableScriptedObjects (14ms)
		BackupInstance (0ms)
		ReleaseScriptingObjects (0ms)
		CreateAndSetChildDomain (49ms)
	RebuildCommonClasses (25ms)
	RebuildNativeTypeToScriptingClass (12ms)
	initialDomainReloadingComplete (21ms)
	LoadAllAssembliesAndSetupDomain (394ms)
		LoadAssemblies (285ms)
		RebuildTransferFunctionScriptingTraits (0ms)
		AnalyzeDomain (186ms)
			TypeCache.Refresh (105ms)
				TypeCache.ScanAssembly (95ms)
			BuildScriptInfoCaches (71ms)
			ResolveRequiredComponents (9ms)
	FinalizeReload (569ms)
		ReleaseScriptCaches (0ms)
		RebuildScriptCaches (0ms)
		SetupLoadedEditorAssemblies (401ms)
			LogAssemblyErrors (0ms)
			InitializePlatformSupportModulesInManaged (3ms)
			SetLoadedEditorAssemblies (5ms)
			BeforeProcessingInitializeOnLoad (104ms)
			ProcessInitializeOnLoadAttributes (246ms)
			ProcessInitializeOnLoadMethodAttributes (37ms)
			AfterProcessingInitializeOnLoad (6ms)
			EditorAssembliesLoaded (0ms)
		ExecutionOrderSort2 (0ms)
		AwakeInstancesAfterBackupRestoration (11ms)
Refreshing native plugins compatible for Editor in 2.54 ms, found 3 plugins.
Preloading 0 native plugins for Editor in 0.00 ms.
Unloading 47 Unused Serialized files (Serialized files now loaded: 0)
Unloading 5998 unused Assets / (7.6 MB). Loaded Objects now: 6742.
Memory consumption went from 160.0 MB to 152.4 MB.
Total: 13.474800 ms (FindLiveObjects: 1.376700 ms CreateObjectMapping: 1.024300 ms MarkObjects: 6.180600 ms  DeleteObjects: 4.892100 ms)

Prepare: number of updated asset objects reloaded= 0
AssetImportParameters requested are different than current active one (requested -> active):
  buildTarget: platform 20, subtarget 0, extendedPlatform 0 -> platform 19, subtarget 2, extendedPlatform 0
  graphicsApiMask: 2048 -> 4
========================================================================
Received Prepare
Begin MonoManager ReloadAssembly
- Loaded All Assemblies, in  0.458 seconds
Refreshing native plugins compatible for Editor in 0.73 ms, found 3 plugins.
Native extension for WindowsStandalone target not found
Native extension for WebGL target not found
Mono: successfully reloaded assembly
- Finished resetting the current domain, in  0.434 seconds
Domain Reload Profiling: 889ms
	BeginReloadAssembly (133ms)
		ExecutionOrderSort (0ms)
		DisableScriptedObjects (4ms)
		BackupInstance (0ms)
		ReleaseScriptingObjects (0ms)
		CreateAndSetChildDomain (35ms)
	RebuildCommonClasses (22ms)
	RebuildNativeTypeToScriptingClass (8ms)
	initialDomainReloadingComplete (19ms)
	LoadAllAssembliesAndSetupDomain (273ms)
		LoadAssemblies (224ms)
		RebuildTransferFunctionScriptingTraits (0ms)
		AnalyzeDomain (112ms)
			TypeCache.Refresh (5ms)
				TypeCache.ScanAssembly (0ms)
			BuildScriptInfoCaches (97ms)
			ResolveRequiredComponents (7ms)
	FinalizeReload (434ms)
		ReleaseScriptCaches (0ms)
		RebuildScriptCaches (0ms)
		SetupLoadedEditorAssemblies (321ms)
			LogAssemblyErrors (0ms)
			InitializePlatformSupportModulesInManaged (2ms)
			SetLoadedEditorAssemblies (3ms)
			BeforeProcessingInitializeOnLoad (73ms)
			ProcessInitializeOnLoadAttributes (208ms)
			ProcessInitializeOnLoadMethodAttributes (30ms)
			AfterProcessingInitializeOnLoad (5ms)
			EditorAssembliesLoaded (0ms)
		ExecutionOrderSort2 (0ms)
		AwakeInstancesAfterBackupRestoration (11ms)
Refreshing native plugins compatible for Editor in 1.06 ms, found 3 plugins.
Preloading 0 native plugins for Editor in 0.00 ms.
Unloading 37 Unused Serialized files (Serialized files now loaded: 0)
Unloading 5997 unused Assets / (7.1 MB). Loaded Objects now: 6744.
Memory consumption went from 158.2 MB to 151.0 MB.
Total: 10.132300 ms (FindLiveObjects: 0.868700 ms CreateObjectMapping: 0.443400 ms MarkObjects: 4.640100 ms  DeleteObjects: 4.179000 ms)

Prepare: number of updated asset objects reloaded= 0
